#
# There is insufficient memory for the Java Runtime Environment to continue.
# Native memory allocation (mmap) failed to map 268435456 bytes for Failed to commit area from 0x0000000701000000 to 0x0000000711000000 of length 268435456.
# Possible reasons:
#   The system is out of physical RAM or swap space
#   The process is running with CompressedOops enabled, and the Java Heap may be blocking the growth of the native heap
# Possible solutions:
#   Reduce memory load on the system
#   Increase physical memory or swap space
#   Check if swap backing store is full
#   Decrease Java heap size (-Xmx/-Xms)
#   Decrease number of Java threads
#   Decrease Java thread stack sizes (-Xss)
#   Set larger code cache with -XX:ReservedCodeCacheSize=
# This output file may be truncated or incomplete.
#
#  Out of Memory Error (./src/hotspot/os/windows/os_windows.cpp:3303), pid=16260, tid=2572
#
# JRE version:  (11.0.8+10) (build )
# Java VM: OpenJDK 64-Bit Server VM (11.0.8+10-b944.31, mixed mode, sharing, tiered, compressed oops, g1 gc, windows-amd64)
# No core dump will be written. Minidumps are not enabled by default on client versions of Windows
#

---------------  S U M M A R Y ------------

Command Line: org.jetbrains.git4idea.http.GitAskPassApp Username for 'https://github.com': 

Host: Intel(R) Core(TM) i7-8700 CPU @ 3.20GHz, 12 cores, 15G,  Windows 10 , 64 bit Build 18362 (10.0.18362.1082)
Time: Thu Oct 15 23:09:45 2020 Eastern Daylight Time elapsed time: 0 seconds (0d 0h 0m 0s)

---------------  T H R E A D  ---------------

Current thread (0x0000016658d6d000):  JavaThread "Unknown thread" [_thread_in_vm, id=2572, stack(0x0000000387900000,0x0000000387a00000)]

Stack: [0x0000000387900000,0x0000000387a00000]
Native frames: (J=compiled Java code, j=interpreted, Vv=VM code, C=native code)
V  [jvm.dll+0x5de35a]
V  [jvm.dll+0x712355]
V  [jvm.dll+0x7138ad]
V  [jvm.dll+0x713f63]
V  [jvm.dll+0x23e628]
V  [jvm.dll+0x5db804]
V  [jvm.dll+0x5d0925]
V  [jvm.dll+0x2faf9b]
V  [jvm.dll+0x2faf0a]
V  [jvm.dll+0x2fade2]
V  [jvm.dll+0x2ffcb6]
V  [jvm.dll+0x3483a3]
V  [jvm.dll+0x348aa6]
V  [jvm.dll+0x3484a3]
V  [jvm.dll+0x2d5be8]
V  [jvm.dll+0x2d6d87]
V  [jvm.dll+0x6f10e7]
V  [jvm.dll+0x6f28dc]
V  [jvm.dll+0x3558f9]
V  [jvm.dll+0x6d492e]
V  [jvm.dll+0x3bdad3]
V  [jvm.dll+0x3bfd01]
C  [jli.dll+0x5373]
C  [ucrtbase.dll+0x20e82]
C  [KERNEL32.DLL+0x17bd4]
C  [ntdll.dll+0x6ce51]


---------------  P R O C E S S  ---------------

Threads class SMR info:
_java_thread_list=0x0000016658b25f70, length=0, elements={
}

Java Threads: ( => current thread )

Other Threads:
  0x0000016658d84800 GCTaskThread "GC Thread#0" [stack: 0x0000000387a00000,0x0000000387b00000] [id=26540]
  0x0000016658de6000 ConcurrentGCThread "G1 Main Marker" [stack: 0x0000000387b00000,0x0000000387c00000] [id=18016]
  0x0000016658de7800 ConcurrentGCThread "G1 Conc#0" [stack: 0x0000000387c00000,0x0000000387d00000] [id=15196]

[error occurred during error reporting (printing all threads), id 0xc0000005, EXCEPTION_ACCESS_VIOLATION (0xc0000005) at pc=0x00007ffc939e60c7]

VM state:not at safepoint (not fully initialized)

VM Mutex/Monitor currently owned by a thread:  ([mutex/lock_event])
[0x0000016658d6a230] Heap_lock - owner thread: 0x0000016658d6d000

Heap address: 0x0000000701000000, size: 4080 MB, Compressed Oops mode: Non-zero based: 0x0000000701000000
Narrow klass base: 0x0000000000000000, Narrow klass shift: 0

GC Heap History (0 events):
No events

Deoptimization events (0 events):
No events

Classes redefined (0 events):
No events

Internal exceptions (0 events):
No events

Events (1 events):
Event: 0.005 Loaded shared library F:\Wooooork\WebStorm 2020.2.1\jbr\bin\zip.dll


Dynamic libraries:
0x00007ff60a460000 - 0x00007ff60a46a000 	F:\Wooooork\WebStorm 2020.2.1\jbr\bin\java.exe
0x00007ffd099a0000 - 0x00007ffd09b90000 	C:\WINDOWS\SYSTEM32\ntdll.dll
0x00007ffd095d0000 - 0x00007ffd09682000 	C:\WINDOWS\System32\KERNEL32.DLL
0x00007ffd06b50000 - 0x00007ffd06df5000 	C:\WINDOWS\System32\KERNELBASE.dll
0x00007ffd07050000 - 0x00007ffd0714a000 	C:\WINDOWS\System32\ucrtbase.dll
0x00007ffce5690000 - 0x00007ffce56a9000 	F:\Wooooork\WebStorm 2020.2.1\jbr\bin\jli.dll
0x00007ffce5670000 - 0x00007ffce5687000 	F:\Wooooork\WebStorm 2020.2.1\jbr\bin\VCRUNTIME140.dll
0x00007ffd07b00000 - 0x00007ffd07c95000 	C:\WINDOWS\System32\USER32.dll
0x00007ffcf5e80000 - 0x00007ffcf6104000 	C:\WINDOWS\WinSxS\amd64_microsoft.windows.common-controls_6595b64144ccf1df_6.0.18362.1082_none_9e8193e1e45b25c1\COMCTL32.dll
0x00007ffd07a20000 - 0x00007ffd07a41000 	C:\WINDOWS\System32\win32u.dll
0x00007ffd091f0000 - 0x00007ffd0928e000 	C:\WINDOWS\System32\msvcrt.dll
0x00007ffd09920000 - 0x00007ffd09946000 	C:\WINDOWS\System32\GDI32.dll
0x00007ffd06eb0000 - 0x00007ffd07046000 	C:\WINDOWS\System32\gdi32full.dll
0x00007ffd09290000 - 0x00007ffd095c5000 	C:\WINDOWS\System32\combase.dll
0x00007ffd06930000 - 0x00007ffd069ce000 	C:\WINDOWS\System32\msvcp_win.dll
0x00007ffd07e50000 - 0x00007ffd07f70000 	C:\WINDOWS\System32\RPCRT4.dll
0x00007ffd069d0000 - 0x00007ffd06a50000 	C:\WINDOWS\System32\bcryptPrimitives.dll
0x00007ffd098f0000 - 0x00007ffd0991e000 	C:\WINDOWS\System32\IMM32.DLL
0x00007ffcc8080000 - 0x00007ffcc811d000 	F:\Wooooork\WebStorm 2020.2.1\jbr\bin\msvcp140.dll
0x00007ffc93700000 - 0x00007ffc941bd000 	F:\Wooooork\WebStorm 2020.2.1\jbr\bin\server\jvm.dll
0x00007ffd07f70000 - 0x00007ffd08013000 	C:\WINDOWS\System32\ADVAPI32.dll
0x00007ffd08e80000 - 0x00007ffd08f17000 	C:\WINDOWS\System32\sechost.dll
0x00007ffd090d0000 - 0x00007ffd090d8000 	C:\WINDOWS\System32\PSAPI.DLL
0x00007ffd04100000 - 0x00007ffd04124000 	C:\WINDOWS\SYSTEM32\WINMM.dll
0x00007ffcf14c0000 - 0x00007ffcf14c9000 	C:\WINDOWS\SYSTEM32\WSOCK32.dll
0x00007ffd01c40000 - 0x00007ffd01c4a000 	C:\WINDOWS\SYSTEM32\VERSION.dll
0x00007ffd07d70000 - 0x00007ffd07ddf000 	C:\WINDOWS\System32\WS2_32.dll
0x00007ffd03c60000 - 0x00007ffd03c8d000 	C:\WINDOWS\SYSTEM32\WINMMBASE.dll
0x00007ffd06e00000 - 0x00007ffd06e4a000 	C:\WINDOWS\System32\cfgmgr32.dll
0x00007ffd06890000 - 0x00007ffd068a1000 	C:\WINDOWS\System32\kernel.appcore.dll
0x00007ffcf9ae0000 - 0x00007ffcf9af1000 	F:\Wooooork\WebStorm 2020.2.1\jbr\bin\verify.dll
0x00007ffd04f90000 - 0x00007ffd05184000 	C:\WINDOWS\SYSTEM32\DBGHELP.DLL
0x00007ffcf1220000 - 0x00007ffcf124a000 	C:\WINDOWS\SYSTEM32\dbgcore.DLL
0x00007ffcf9980000 - 0x00007ffcf99a9000 	F:\Wooooork\WebStorm 2020.2.1\jbr\bin\java.dll
0x00007ffcf9e00000 - 0x00007ffcf9e0b000 	F:\Wooooork\WebStorm 2020.2.1\jbr\bin\jimage.dll
0x00007ffcf9920000 - 0x00007ffcf9938000 	F:\Wooooork\WebStorm 2020.2.1\jbr\bin\zip.dll

dbghelp: loaded successfully - version: 4.0.5 - missing functions: none
symbol engine: initialized successfully - sym options: 0x614 - pdb path: .;F:\Wooooork\WebStorm 2020.2.1\jbr\bin;C:\WINDOWS\SYSTEM32;C:\WINDOWS\WinSxS\amd64_microsoft.windows.common-controls_6595b64144ccf1df_6.0.18362.1082_none_9e8193e1e45b25c1;F:\Wooooork\WebStorm 2020.2.1\jbr\bin\server

VM Arguments:
java_command: org.jetbrains.git4idea.http.GitAskPassApp Username for 'https://github.com': 
java_class_path (initial): F:/Wooooork/WebStorm 2020.2.1/plugins/git4idea/lib/git4idea-rt.jar;F:/Wooooork/WebStorm 2020.2.1/lib/xmlrpc-2.0.1.jar;F:/Wooooork/WebStorm 2020.2.1/lib/commons-codec-1.14.jar
Launcher Type: SUN_STANDARD

[Global flags]
     intx CICompilerCount                          = 4                                         {product} {ergonomic}
     uint ConcGCThreads                            = 3                                         {product} {ergonomic}
     uint G1ConcRefinementThreads                  = 10                                        {product} {ergonomic}
   size_t G1HeapRegionSize                         = 1048576                                   {product} {ergonomic}
    uintx GCDrainStackTargetSize                   = 64                                        {product} {ergonomic}
   size_t InitialHeapSize                          = 268435456                                 {product} {ergonomic}
   size_t MarkStackSize                            = 4194304                                   {product} {ergonomic}
   size_t MaxHeapSize                              = 4278190080                                {product} {ergonomic}
   size_t MinHeapDeltaBytes                        = 1048576                                   {product} {ergonomic}
    uintx NonNMethodCodeHeapSize                   = 5836300                                {pd product} {ergonomic}
    uintx NonProfiledCodeHeapSize                  = 122910970                              {pd product} {ergonomic}
    uintx ProfiledCodeHeapSize                     = 122910970                              {pd product} {ergonomic}
    uintx ReservedCodeCacheSize                    = 251658240                              {pd product} {ergonomic}
     bool SegmentedCodeCache                       = true                                      {product} {ergonomic}
     bool UseCompressedClassPointers               = true                                 {lp64_product} {ergonomic}
     bool UseCompressedOops                        = true                                 {lp64_product} {ergonomic}
     bool UseG1GC                                  = true                                      {product} {ergonomic}
     bool UseLargePagesIndividualAllocation        = false                                  {pd product} {ergonomic}

Logging:
Log output configuration:
 #0: stdout all=warning uptime,level,tags
 #1: stderr all=off uptime,level,tags

Environment Variables:
PATH=F:/Wooooork/Git/mingw64/libexec/git-core;F:/Wooooork/Git/mingw64/libexec/git-core;F:\Wooooork\Git\mingw64\bin;F:\Wooooork\Git\usr\bin;C:\Users\Jerry\bin;C:\Program Files (x86)\Common Files\Intel\Shared Libraries\redist\intel64\compiler;C:\Program Files (x86)\Common Files\Oracle\Java\javapath;C:\WINDOWS\system32;C:\WINDOWS;C:\WINDOWS\System32\Wbem;C:\WINDOWS\System32\WindowsPowerShell\v1.0\;C:\WINDOWS\System32\OpenSSH\;C:\Program Files\NVIDIA Corporation\NVIDIA NvDLISR;C:\Program Files\dotnet\;C:\Program Files\Microsoft SQL Server\130\Tools\Binn\;F:\Brackets\command;C:\Program Files (x86)\NVIDIA Corporation\PhysX\Common;C:\WINDOWS\system32;C:\WINDOWS;C:\WINDOWS\System32\Wbem;C:\WINDOWS\System32\WindowsPowerShell\v1.0\;C:\WINDOWS\System32\OpenSSH\;F:\Wooooork\Nodejs\;C:\Users\Jerry\AppData\Local\Microsoft\WindowsApps;C:\Users\Jerry\AppData\Roaming\npm;C:\Users\Jerry\AppData\Local\GitHubDesktop\bin
USERNAME=Jerry
DISPLAY=:0.0
LC_ALL=en_US.UTF-8
OS=Windows_NT
PROCESSOR_IDENTIFIER=Intel64 Family 6 Model 158 Stepping 10, GenuineIntel



---------------  S Y S T E M  ---------------

OS: Windows 10 , 64 bit Build 18362 (10.0.18362.1082)
OS uptime: 7 days 15:05 hours

CPU:total 12 (initial active 12) (6 cores per cpu, 2 threads per core) family 6 model 158 stepping 10, cmov, cx8, fxsr, mmx, sse, sse2, sse3, ssse3, sse4.1, sse4.2, popcnt, avx, avx2, aes, clmul, erms, rtm, 3dnowpref, lzcnt, ht, tsc, tscinvbit, bmi1, bmi2, adx, fma

Memory: 4k page, system-wide physical 16317M (1975M free)
TotalPageFile size 29038M (AvailPageFile size 229M)
current process WorkingSet (physical memory assigned to process): 10M, peak: 10M
current process commit charge ("private bytes"): 64M, peak: 320M

vm_info: OpenJDK 64-Bit Server VM (11.0.8+10-b944.31) for windows-amd64 JRE (11.0.8+10-b944.31), built on Aug  6 2020 12:27:04 by "" with MS VC++ 14.0 (VS2015)

END.
